#
# A fatal error has been detected by the Java Runtime Environment:
#
#  Internal Error (javaClasses.cpp:129), pid=3232, tid=2156
#  fatal error: Invalid layout of preloaded class
#
# JRE version: 7.0_21-b11
# Java VM: Java HotSpot(TM) Client VM (23.21-b01 mixed mode windows-x86 )
# Failed to write core dump. Minidumps are not enabled by default on client versions of Windows
#
# If you would like to submit a bug report, please visit:
#   http://bugreport.sun.com/bugreport/crash.jsp
#

---------------  T H R E A D  ---------------

Current thread (0x0075b000):  JavaThread "Unknown thread" [_thread_in_vm, id=2156, stack(0x007a0000,0x007f0000)]

Stack: [0x007a0000,0x007f0000],  sp=0x007ef990,  free space=318k
Native frames: (J=compiled Java code, j=interpreted, Vv=VM code, C=native code)
V  [jvm.dll+0x170511]
V  [jvm.dll+0x16a6b6]
V  [jvm.dll+0x2082f]
V  [jvm.dll+0x208b6]
V  [jvm.dll+0x2e5dd]
V  [jvm.dll+0x2e889]
V  [jvm.dll+0x77bd1]
V  [jvm.dll+0x77f8b]
V  [jvm.dll+0x12a1b1]
V  [jvm.dll+0x14ac6a]
V  [jvm.dll+0xa9eef]
C  [javaw.exe+0x13ca]
C  [javaw.exe+0x1e3c]
C  [javaw.exe+0xa5b1]
C  [javaw.exe+0xa63b]
C  [KERNEL32.DLL+0x17c04]  BaseThreadInitThunk+0x24
C  [ntdll.dll+0x5ab8f]  RtlInitializeExceptionChain+0x8f
C  [ntdll.dll+0x5ab5a]  RtlInitializeExceptionChain+0x5a


---------------  P R O C E S S  ---------------

Java Threads: ( => current thread )

Other Threads:

=>0x0075b000 (exited) JavaThread "Unknown thread" [_thread_in_vm, id=2156, stack(0x007a0000,0x007f0000)]

VM state:not at safepoint (not fully initialized)

VM Mutex/Monitor currently owned by a thread: None

GC Heap History (0 events):
No events

Deoptimization events (0 events):
No events

Internal exceptions (0 events):
No events

Events (10 events):
Event: 0.008 loading class 0x009f4df8 done
Event: 0.008 loading class 0x009d6050 done
Event: 0.008 loading class 0x009d6028
Event: 0.009 loading class 0x009f7d58
Event: 0.009 loading class 0x009f7d58 done
Event: 0.009 loading class 0x009f7e38
Event: 0.009 loading class 0x009f7e38 done
Event: 0.009 loading class 0x00a40790
Event: 0.009 loading class 0x00a40790 done
Event: 0.009 loading class 0x009d6028 done


Dynamic libraries:
0x00bb0000 - 0x00bdf000 	C:\Program Files (x86)\Java\jre7\bin\javaw.exe
0x77150000 - 0x772bf000 	C:\windows\SYSTEM32\ntdll.dll
0x76920000 - 0x76a60000 	C:\windows\SYSTEM32\KERNEL32.DLL
0x764c0000 - 0x76597000 	C:\windows\SYSTEM32\KERNELBASE.dll
0x6d930000 - 0x6d9d0000 	C:\windows\system32\apphelp.dll
0x61130000 - 0x61396000 	C:\windows\AppPatch\AcGenral.DLL
0x76de0000 - 0x76ea3000 	C:\windows\SYSTEM32\msvcrt.dll
0x76340000 - 0x76381000 	C:\windows\SYSTEM32\sechost.dll
0x76190000 - 0x761ae000 	C:\windows\SYSTEM32\SspiCli.dll
0x76730000 - 0x76775000 	C:\windows\SYSTEM32\SHLWAPI.dll
0x731c0000 - 0x732ad000 	C:\windows\SYSTEM32\UxTheme.dll
0x76bd0000 - 0x76d23000 	C:\windows\SYSTEM32\USER32.dll
0x76620000 - 0x7672f000 	C:\windows\SYSTEM32\GDI32.dll
0x74370000 - 0x74393000 	C:\windows\SYSTEM32\WINMM.dll
0x71b40000 - 0x71b53000 	C:\windows\SYSTEM32\samcli.dll
0x76390000 - 0x764b9000 	C:\windows\SYSTEM32\ole32.dll
0x767e0000 - 0x76875000 	C:\windows\SYSTEM32\OLEAUT32.dll
0x68b60000 - 0x68b77000 	C:\windows\SYSTEM32\MSACM32.dll
0x74280000 - 0x74288000 	C:\windows\SYSTEM32\VERSION.dll
0x74db0000 - 0x7606c000 	C:\windows\SYSTEM32\SHELL32.dll
0x74730000 - 0x7474b000 	C:\windows\SYSTEM32\USERENV.dll
0x72e20000 - 0x72e3a000 	C:\windows\SYSTEM32\dwmapi.dll
0x700d0000 - 0x7021b000 	C:\windows\SYSTEM32\urlmon.dll
0x765a0000 - 0x7661c000 	C:\windows\SYSTEM32\ADVAPI32.dll
0x72800000 - 0x72865000 	C:\windows\SYSTEM32\WINSPOOL.DRV
0x725a0000 - 0x725b6000 	C:\windows\SYSTEM32\MPR.dll
0x76b00000 - 0x76bba000 	C:\windows\SYSTEM32\RPCRT4.dll
0x74930000 - 0x7493a000 	C:\windows\SYSTEM32\CRYPTBASE.dll
0x74c30000 - 0x74dad000 	C:\windows\SYSTEM32\combase.dll
0x74330000 - 0x74353000 	C:\windows\SYSTEM32\WINMMBASE.dll
0x74720000 - 0x7472f000 	C:\windows\SYSTEM32\profapi.dll
0x73e30000 - 0x74064000 	C:\windows\SYSTEM32\iertutil.dll
0x74070000 - 0x7427d000 	C:\windows\SYSTEM32\WININET.dll
0x748d0000 - 0x74924000 	C:\windows\SYSTEM32\bcryptPrimitives.dll
0x768e0000 - 0x7691c000 	C:\windows\SYSTEM32\cfgmgr32.dll
0x742e0000 - 0x74301000 	C:\windows\SYSTEM32\DEVOBJ.dll
0x73310000 - 0x7339b000 	C:\windows\SYSTEM32\SHCORE.DLL
0x74c00000 - 0x74c27000 	C:\windows\system32\IMM32.DLL
0x76070000 - 0x76182000 	C:\windows\SYSTEM32\MSCTF.dll
0x72fb0000 - 0x731b6000 	C:\windows\WinSxS\x86_microsoft.windows.common-controls_6595b64144ccf1df_6.0.9600.18006_none_a9ec6aab013aafee\COMCTL32.dll
0x54e40000 - 0x54efe000 	C:\Program Files (x86)\Java\jre7\bin\msvcr100.dll
0x6d5e0000 - 0x6d92f000 	C:\Program Files (x86)\Java\jre7\bin\client\jvm.dll
0x73e00000 - 0x73e08000 	C:\windows\SYSTEM32\WSOCK32.dll
0x74b60000 - 0x74b66000 	C:\windows\SYSTEM32\PSAPI.DLL
0x76880000 - 0x768d0000 	C:\windows\SYSTEM32\WS2_32.dll
0x74990000 - 0x74997000 	C:\windows\SYSTEM32\NSI.dll
0x72670000 - 0x7267c000 	C:\Program Files (x86)\Java\jre7\bin\verify.dll
0x72650000 - 0x72670000 	C:\Program Files (x86)\Java\jre7\bin\java.dll
0x5ff70000 - 0x5ff9a000 	C:\Program Files (x86)\Java\jre7\bin\jdwp.dll
0x60dc0000 - 0x60dc7000 	C:\Program Files (x86)\Java\jre7\bin\npt.dll
0x72630000 - 0x72643000 	C:\Program Files (x86)\Java\jre7\bin\zip.dll
0x5fcf0000 - 0x5fe31000 	C:\windows\SYSTEM32\dbghelp.dll

VM Arguments:
jvm_args: -agentlib:jdwp=transport=dt_socket,suspend=y,address=localhost:55388 -Dfile.encoding=Cp1252 -Xbootclasspath:C:\Android-eclipse\adt-bundle-windows-x86-20130522\sdk\platforms\android-17\android.jar 
java_command: com.electronic.electronicsalesapp.OrderPlaced
Launcher Type: SUN_STANDARD

Environment Variables:
PATH=C:/Program Files (x86)/Java/jre7/bin/client;C:/Program Files (x86)/Java/jre7/bin;C:/Program Files (x86)/Java/jre7/lib/i386;C:\ProgramData\Oracle\Java\javapath;C:\oraclexe\app\oracle\product\11.2.0\server\bin;;C:\Program Files (x86)\Lenovo\FusionEngine;C:\Program Files (x86)\Intel\iCLS Client\;C:\Program Files\Intel\iCLS Client\;C:\Program Files (x86)\NVIDIA Corporation\PhysX\Common;C:\windows\system32;C:\windows;C:\windows\System32\Wbem;C:\windows\System32\WindowsPowerShell\v1.0\;C:\Program Files\Intel\Intel(R) Management Engine Components\DAL;C:\Program Files\Intel\Intel(R) Management Engine Components\IPT;C:\Program Files (x86)\Intel\Intel(R) Management Engine Components\DAL;C:\Program Files (x86)\Intel\Intel(R) Management Engine Components\IPT;C:\Program Files (x86)\Autodesk\Backburner\;C:\Program Files (x86)\Common Files\Autodesk Shared\;C:\Program Files\Java\jdk1.8.0_40\bin;C:\Program Files\Java\jre1.8.0_40\bin;C:\Program Files (x86)\Skype\Phone\;C:\Program Files (x86)\Common Files\lenovo\easyplussdk\bin;C:\Android-eclipse\adt-bundle-windows-x86-20130522\eclipse;
USERNAME=Geeta
OS=Windows_NT
PROCESSOR_IDENTIFIER=Intel64 Family 6 Model 69 Stepping 1, GenuineIntel



---------------  S Y S T E M  ---------------

OS: Windows 8 , 64 bit Build 9200 

CPU:total 4 (2 cores per cpu, 2 threads per core) family 6 model 69 stepping 1, cmov, cx8, fxsr, mmx, sse, sse2, sse3, ssse3, sse4.1, sse4.2, popcnt, avx, avx2, ht, tsc, tscinvbit

Memory: 4k page, physical 8278296k(4470440k free), swap 10047768k(4865604k free)

vm_info: Java HotSpot(TM) Client VM (23.21-b01) for windows-x86 JRE (1.7.0_21-b11), built on Apr  4 2013 04:43:10 by "java_re" with unknown MS VC++:1600

time: Sun May 15 13:58:01 2016
elapsed time: 0 seconds

